[2023-01-28 15:29:25,489] {taskinstance.py:1032} INFO - Dependencies all met for <TaskInstance: data_ingestion_local_gcs_GroupID09.upload_amazon_data manual__2023-01-28T15:29:11.196970+00:00 [queued]>
[2023-01-28 15:29:25,501] {taskinstance.py:1032} INFO - Dependencies all met for <TaskInstance: data_ingestion_local_gcs_GroupID09.upload_amazon_data manual__2023-01-28T15:29:11.196970+00:00 [queued]>
[2023-01-28 15:29:25,502] {taskinstance.py:1238} INFO - 
--------------------------------------------------------------------------------
[2023-01-28 15:29:25,502] {taskinstance.py:1239} INFO - Starting attempt 1 of 1
[2023-01-28 15:29:25,503] {taskinstance.py:1240} INFO - 
--------------------------------------------------------------------------------
[2023-01-28 15:29:25,513] {taskinstance.py:1259} INFO - Executing <Task(LocalFilesystemToGCSOperator): upload_amazon_data> on 2023-01-28 15:29:11.196970+00:00
[2023-01-28 15:29:25,521] {standard_task_runner.py:52} INFO - Started process 1078 to run task
[2023-01-28 15:29:25,526] {standard_task_runner.py:76} INFO - Running: ['***', 'tasks', 'run', 'data_ingestion_local_gcs_GroupID09', 'upload_amazon_data', 'manual__2023-01-28T15:29:11.196970+00:00', '--job-id', '6', '--raw', '--subdir', 'DAGS_FOLDER/data_ingestion_local_gcs_GroupIDNo09.py', '--cfg-path', '/tmp/tmp81uenm2v', '--error-file', '/tmp/tmpg6c_5oa3']
[2023-01-28 15:29:25,527] {standard_task_runner.py:77} INFO - Job 6: Subtask upload_amazon_data
[2023-01-28 15:29:25,588] {logging_mixin.py:109} INFO - Running <TaskInstance: data_ingestion_local_gcs_GroupID09.upload_amazon_data manual__2023-01-28T15:29:11.196970+00:00 [running]> on host 09487faf912f
[2023-01-28 15:29:25,644] {taskinstance.py:1426} INFO - Exporting the following env vars:
AIRFLOW_CTX_DAG_OWNER=***
AIRFLOW_CTX_DAG_ID=data_ingestion_local_gcs_GroupID09
AIRFLOW_CTX_TASK_ID=upload_amazon_data
AIRFLOW_CTX_EXECUTION_DATE=2023-01-28T15:29:11.196970+00:00
AIRFLOW_CTX_DAG_RUN_ID=manual__2023-01-28T15:29:11.196970+00:00
[2023-01-28 15:29:25,646] {crypto.py:82} WARNING - empty cryptography key - values will not be stored encrypted.
[2023-01-28 15:29:28,030] {gcs.py:486} INFO - File /opt/***/data/amazon.csv uploaded to data/amazon.csv in gp09 bucket
[2023-01-28 15:29:28,045] {taskinstance.py:1277} INFO - Marking task as SUCCESS. dag_id=data_ingestion_local_gcs_GroupID09, task_id=upload_amazon_data, execution_date=20230128T152911, start_date=20230128T152925, end_date=20230128T152928
[2023-01-28 15:29:28,092] {local_task_job.py:154} INFO - Task exited with return code 0
[2023-01-28 15:29:28,132] {local_task_job.py:264} INFO - 1 downstream tasks scheduled from follow-on schedule check
