[2023-01-28 15:29:20,558] {taskinstance.py:1032} INFO - Dependencies all met for <TaskInstance: data_ingestion_local_gcs_GroupID09.create_temp_table manual__2023-01-28T15:29:11.196970+00:00 [queued]>
[2023-01-28 15:29:20,572] {taskinstance.py:1032} INFO - Dependencies all met for <TaskInstance: data_ingestion_local_gcs_GroupID09.create_temp_table manual__2023-01-28T15:29:11.196970+00:00 [queued]>
[2023-01-28 15:29:20,573] {taskinstance.py:1238} INFO - 
--------------------------------------------------------------------------------
[2023-01-28 15:29:20,573] {taskinstance.py:1239} INFO - Starting attempt 1 of 1
[2023-01-28 15:29:20,574] {taskinstance.py:1240} INFO - 
--------------------------------------------------------------------------------
[2023-01-28 15:29:20,585] {taskinstance.py:1259} INFO - Executing <Task(BigQueryCreateEmptyTableOperator): create_temp_table> on 2023-01-28 15:29:11.196970+00:00
[2023-01-28 15:29:20,594] {standard_task_runner.py:52} INFO - Started process 1035 to run task
[2023-01-28 15:29:20,598] {standard_task_runner.py:76} INFO - Running: ['***', 'tasks', 'run', 'data_ingestion_local_gcs_GroupID09', 'create_temp_table', 'manual__2023-01-28T15:29:11.196970+00:00', '--job-id', '5', '--raw', '--subdir', 'DAGS_FOLDER/data_ingestion_local_gcs_GroupIDNo09.py', '--cfg-path', '/tmp/tmp6xx6433p', '--error-file', '/tmp/tmp7n7kwaqi']
[2023-01-28 15:29:20,599] {standard_task_runner.py:77} INFO - Job 5: Subtask create_temp_table
[2023-01-28 15:29:20,659] {logging_mixin.py:109} INFO - Running <TaskInstance: data_ingestion_local_gcs_GroupID09.create_temp_table manual__2023-01-28T15:29:11.196970+00:00 [running]> on host 09487faf912f
[2023-01-28 15:29:20,713] {taskinstance.py:1426} INFO - Exporting the following env vars:
AIRFLOW_CTX_DAG_OWNER=***
AIRFLOW_CTX_DAG_ID=data_ingestion_local_gcs_GroupID09
AIRFLOW_CTX_TASK_ID=create_temp_table
AIRFLOW_CTX_EXECUTION_DATE=2023-01-28T15:29:11.196970+00:00
AIRFLOW_CTX_DAG_RUN_ID=manual__2023-01-28T15:29:11.196970+00:00
[2023-01-28 15:29:20,715] {crypto.py:82} WARNING - empty cryptography key - values will not be stored encrypted.
[2023-01-28 15:29:20,716] {bigquery.py:956} INFO - Creating table
[2023-01-28 15:29:22,051] {bigquery.py:972} INFO - Table opportune-balm-376017.amazon_data.amazon_tbl_temp created successfully
[2023-01-28 15:29:22,066] {taskinstance.py:1277} INFO - Marking task as SUCCESS. dag_id=data_ingestion_local_gcs_GroupID09, task_id=create_temp_table, execution_date=20230128T152911, start_date=20230128T152920, end_date=20230128T152922
[2023-01-28 15:29:22,107] {local_task_job.py:154} INFO - Task exited with return code 0
[2023-01-28 15:29:22,152] {local_task_job.py:264} INFO - 1 downstream tasks scheduled from follow-on schedule check
