[2023-01-27 16:02:25,586] {taskinstance.py:1032} INFO - Dependencies all met for <TaskInstance: data_ingestion_local_gcs_GroupID06.upload_amazon_data manual__2023-01-27T16:02:12.125710+00:00 [queued]>
[2023-01-27 16:02:25,596] {taskinstance.py:1032} INFO - Dependencies all met for <TaskInstance: data_ingestion_local_gcs_GroupID06.upload_amazon_data manual__2023-01-27T16:02:12.125710+00:00 [queued]>
[2023-01-27 16:02:25,597] {taskinstance.py:1238} INFO - 
--------------------------------------------------------------------------------
[2023-01-27 16:02:25,597] {taskinstance.py:1239} INFO - Starting attempt 1 of 1
[2023-01-27 16:02:25,598] {taskinstance.py:1240} INFO - 
--------------------------------------------------------------------------------
[2023-01-27 16:02:25,606] {taskinstance.py:1259} INFO - Executing <Task(LocalFilesystemToGCSOperator): upload_amazon_data> on 2023-01-27 16:02:12.125710+00:00
[2023-01-27 16:02:25,613] {standard_task_runner.py:52} INFO - Started process 512 to run task
[2023-01-27 16:02:25,617] {standard_task_runner.py:76} INFO - Running: ['***', 'tasks', 'run', 'data_ingestion_local_gcs_GroupID06', 'upload_amazon_data', 'manual__2023-01-27T16:02:12.125710+00:00', '--job-id', '4', '--raw', '--subdir', 'DAGS_FOLDER/data_ingestion_local_gcs_GroupID06.py', '--cfg-path', '/tmp/tmp0dgf0y5z', '--error-file', '/tmp/tmpc0fdillu']
[2023-01-27 16:02:25,618] {standard_task_runner.py:77} INFO - Job 4: Subtask upload_amazon_data
[2023-01-27 16:02:25,668] {logging_mixin.py:109} INFO - Running <TaskInstance: data_ingestion_local_gcs_GroupID06.upload_amazon_data manual__2023-01-27T16:02:12.125710+00:00 [running]> on host fdab5790e71d
[2023-01-27 16:02:25,712] {taskinstance.py:1426} INFO - Exporting the following env vars:
AIRFLOW_CTX_DAG_OWNER=***
AIRFLOW_CTX_DAG_ID=data_ingestion_local_gcs_GroupID06
AIRFLOW_CTX_TASK_ID=upload_amazon_data
AIRFLOW_CTX_EXECUTION_DATE=2023-01-27T16:02:12.125710+00:00
AIRFLOW_CTX_DAG_RUN_ID=manual__2023-01-27T16:02:12.125710+00:00
[2023-01-27 16:02:25,714] {crypto.py:82} WARNING - empty cryptography key - values will not be stored encrypted.
[2023-01-27 16:02:28,756] {gcs.py:486} INFO - File /opt/***/data/amazon.csv uploaded to data/amazon.csv in storagegroup06 bucket
[2023-01-27 16:02:28,769] {taskinstance.py:1277} INFO - Marking task as SUCCESS. dag_id=data_ingestion_local_gcs_GroupID06, task_id=upload_amazon_data, execution_date=20230127T160212, start_date=20230127T160225, end_date=20230127T160228
[2023-01-27 16:02:28,835] {local_task_job.py:154} INFO - Task exited with return code 0
[2023-01-27 16:02:28,857] {local_task_job.py:264} INFO - 1 downstream tasks scheduled from follow-on schedule check
