[2023-01-27 16:02:16,441] {taskinstance.py:1032} INFO - Dependencies all met for <TaskInstance: data_ingestion_local_gcs_GroupID06.create_dataset manual__2023-01-27T16:02:12.125710+00:00 [queued]>
[2023-01-27 16:02:16,450] {taskinstance.py:1032} INFO - Dependencies all met for <TaskInstance: data_ingestion_local_gcs_GroupID06.create_dataset manual__2023-01-27T16:02:12.125710+00:00 [queued]>
[2023-01-27 16:02:16,451] {taskinstance.py:1238} INFO - 
--------------------------------------------------------------------------------
[2023-01-27 16:02:16,451] {taskinstance.py:1239} INFO - Starting attempt 1 of 1
[2023-01-27 16:02:16,452] {taskinstance.py:1240} INFO - 
--------------------------------------------------------------------------------
[2023-01-27 16:02:16,460] {taskinstance.py:1259} INFO - Executing <Task(BigQueryCreateEmptyDatasetOperator): create_dataset> on 2023-01-27 16:02:12.125710+00:00
[2023-01-27 16:02:16,468] {standard_task_runner.py:52} INFO - Started process 427 to run task
[2023-01-27 16:02:16,473] {standard_task_runner.py:76} INFO - Running: ['***', 'tasks', 'run', 'data_ingestion_local_gcs_GroupID06', 'create_dataset', 'manual__2023-01-27T16:02:12.125710+00:00', '--job-id', '2', '--raw', '--subdir', 'DAGS_FOLDER/data_ingestion_local_gcs_GroupID06.py', '--cfg-path', '/tmp/tmpv5df0ane', '--error-file', '/tmp/tmpwlrfg3c7']
[2023-01-27 16:02:16,474] {standard_task_runner.py:77} INFO - Job 2: Subtask create_dataset
[2023-01-27 16:02:16,540] {logging_mixin.py:109} INFO - Running <TaskInstance: data_ingestion_local_gcs_GroupID06.create_dataset manual__2023-01-27T16:02:12.125710+00:00 [running]> on host fdab5790e71d
[2023-01-27 16:02:16,596] {taskinstance.py:1426} INFO - Exporting the following env vars:
AIRFLOW_CTX_DAG_OWNER=***
AIRFLOW_CTX_DAG_ID=data_ingestion_local_gcs_GroupID06
AIRFLOW_CTX_TASK_ID=create_dataset
AIRFLOW_CTX_EXECUTION_DATE=2023-01-27T16:02:12.125710+00:00
AIRFLOW_CTX_DAG_RUN_ID=manual__2023-01-27T16:02:12.125710+00:00
[2023-01-27 16:02:16,599] {crypto.py:82} WARNING - empty cryptography key - values will not be stored encrypted.
[2023-01-27 16:02:16,624] {bigquery.py:458} INFO - datasetId was not specified in `dataset_reference`. Will use default value amazon_data.
[2023-01-27 16:02:16,624] {bigquery.py:458} INFO - projectId was not specified in `dataset_reference`. Will use default value avid-reference-366313.
[2023-01-27 16:02:16,625] {bigquery.py:467} INFO - Creating dataset: amazon_data in project: avid-reference-366313 
[2023-01-27 16:02:18,285] {bigquery.py:469} INFO - Dataset created successfully.
[2023-01-27 16:02:18,298] {taskinstance.py:1277} INFO - Marking task as SUCCESS. dag_id=data_ingestion_local_gcs_GroupID06, task_id=create_dataset, execution_date=20230127T160212, start_date=20230127T160216, end_date=20230127T160218
[2023-01-27 16:02:18,336] {local_task_job.py:154} INFO - Task exited with return code 0
[2023-01-27 16:02:18,374] {local_task_job.py:264} INFO - 1 downstream tasks scheduled from follow-on schedule check
